[INFO][2017-08-01 17:41:43] org.springframework.web.context.ContextLoader.initWebApplicationContext(ContextLoader.java:304) Root WebApplicationContext: initialization started 
[INFO][2017-08-01 17:41:43] org.springframework.context.support.AbstractApplicationContext.prepareRefresh(AbstractApplicationContext.java:582) Refreshing Root WebApplicationContext: startup date [Tue Aug 01 17:41:43 CST 2017]; root of context hierarchy 
[INFO][2017-08-01 17:41:43] org.springframework.beans.factory.xml.XmlBeanDefinitionReader.loadBeanDefinitions(XmlBeanDefinitionReader.java:317) Loading XML bean definitions from class path resource [spring-mvc.xml] 
[INFO][2017-08-01 17:41:43] org.springframework.beans.factory.xml.XmlBeanDefinitionReader.loadBeanDefinitions(XmlBeanDefinitionReader.java:317) Loading XML bean definitions from class path resource [spring-jdbc.xml] 
[INFO][2017-08-01 17:41:44] org.springframework.beans.factory.xml.XmlBeanDefinitionReader.loadBeanDefinitions(XmlBeanDefinitionReader.java:317) Loading XML bean definitions from URL [jar:file:/D:/javaee/maven/apache-maven-3.1.1/repository/io/renren/renren-shiro/2.1.0/renren-shiro-2.1.0.jar!/renren-shiro.xml] 
[INFO][2017-08-01 17:41:44] org.springframework.beans.factory.xml.XmlBeanDefinitionReader.loadBeanDefinitions(XmlBeanDefinitionReader.java:317) Loading XML bean definitions from URL [jar:file:/D:/javaee/maven/apache-maven-3.1.1/repository/io/renren/renren-schedule/2.1.0/renren-schedule-2.1.0.jar!/renren-scheduler.xml] 
[INFO][2017-08-01 17:41:44] org.springframework.beans.factory.xml.XmlBeanDefinitionReader.loadBeanDefinitions(XmlBeanDefinitionReader.java:317) Loading XML bean definitions from URL [jar:file:/D:/javaee/maven/apache-maven-3.1.1/repository/io/renren/renren-api/2.1.0/renren-api-2.1.0.jar!/renren-api.xml] 
[INFO][2017-08-01 17:41:44] org.springframework.beans.factory.support.DefaultListableBeanFactory.registerBeanDefinition(DefaultListableBeanFactory.java:828) Overriding bean definition for bean 'org.springframework.web.servlet.mvc.method.annotation.RequestMappingHandlerMapping' with a different definition: replacing [Root bean: class [org.springframework.web.servlet.mvc.method.annotation.RequestMappingHandlerMapping]; scope=; abstract=false; lazyInit=false; autowireMode=0; dependencyCheck=0; autowireCandidate=true; primary=false; factoryBeanName=null; factoryMethodName=null; initMethodName=null; destroyMethodName=null] with [Root bean: class [org.springframework.web.servlet.mvc.method.annotation.RequestMappingHandlerMapping]; scope=; abstract=false; lazyInit=false; autowireMode=0; dependencyCheck=0; autowireCandidate=true; primary=false; factoryBeanName=null; factoryMethodName=null; initMethodName=null; destroyMethodName=null] 
[INFO][2017-08-01 17:41:44] org.springframework.beans.factory.support.DefaultListableBeanFactory.registerBeanDefinition(DefaultListableBeanFactory.java:828) Overriding bean definition for bean 'org.springframework.web.servlet.mvc.method.annotation.RequestMappingHandlerAdapter' with a different definition: replacing [Root bean: class [org.springframework.web.servlet.mvc.method.annotation.RequestMappingHandlerAdapter]; scope=; abstract=false; lazyInit=false; autowireMode=0; dependencyCheck=0; autowireCandidate=true; primary=false; factoryBeanName=null; factoryMethodName=null; initMethodName=null; destroyMethodName=null] with [Root bean: class [org.springframework.web.servlet.mvc.method.annotation.RequestMappingHandlerAdapter]; scope=; abstract=false; lazyInit=false; autowireMode=0; dependencyCheck=0; autowireCandidate=true; primary=false; factoryBeanName=null; factoryMethodName=null; initMethodName=null; destroyMethodName=null] 
[INFO][2017-08-01 17:41:44] org.springframework.beans.factory.support.DefaultListableBeanFactory.registerBeanDefinition(DefaultListableBeanFactory.java:828) Overriding bean definition for bean 'mvcUriComponentsContributor' with a different definition: replacing [Root bean: class [org.springframework.web.servlet.config.AnnotationDrivenBeanDefinitionParser$CompositeUriComponentsContributorFactoryBean]; scope=; abstract=false; lazyInit=false; autowireMode=0; dependencyCheck=0; autowireCandidate=true; primary=false; factoryBeanName=null; factoryMethodName=null; initMethodName=null; destroyMethodName=null] with [Root bean: class [org.springframework.web.servlet.config.AnnotationDrivenBeanDefinitionParser$CompositeUriComponentsContributorFactoryBean]; scope=; abstract=false; lazyInit=false; autowireMode=0; dependencyCheck=0; autowireCandidate=true; primary=false; factoryBeanName=null; factoryMethodName=null; initMethodName=null; destroyMethodName=null] 
[INFO][2017-08-01 17:41:44] org.springframework.beans.factory.annotation.AutowiredAnnotationBeanPostProcessor.<init>(AutowiredAnnotationBeanPostProcessor.java:155) JSR-330 'javax.inject.Inject' annotation found and supported for autowiring 
[INFO][2017-08-01 17:41:44] org.springframework.context.support.PostProcessorRegistrationDelegate$BeanPostProcessorChecker.postProcessAfterInitialization(PostProcessorRegistrationDelegate.java:325) Bean 'druid-stat-pointcut' of type [org.springframework.aop.support.JdkRegexpMethodPointcut] is not eligible for getting processed by all BeanPostProcessors (for example: not eligible for auto-proxying) 
[INFO][2017-08-01 17:41:44] org.springframework.context.support.PostProcessorRegistrationDelegate$BeanPostProcessorChecker.postProcessAfterInitialization(PostProcessorRegistrationDelegate.java:325) Bean 'org.springframework.aop.support.DefaultBeanFactoryPointcutAdvisor#0' of type [org.springframework.aop.support.DefaultBeanFactoryPointcutAdvisor] is not eligible for getting processed by all BeanPostProcessors (for example: not eligible for auto-proxying) 
[INFO][2017-08-01 17:41:45] org.springframework.context.support.PostProcessorRegistrationDelegate$BeanPostProcessorChecker.postProcessAfterInitialization(PostProcessorRegistrationDelegate.java:325) Bean 'sessionManager' of type [org.apache.shiro.web.session.mgt.DefaultWebSessionManager] is not eligible for getting processed by all BeanPostProcessors (for example: not eligible for auto-proxying) 
[INFO][2017-08-01 17:41:46] org.springframework.context.support.PostProcessorRegistrationDelegate$BeanPostProcessorChecker.postProcessAfterInitialization(PostProcessorRegistrationDelegate.java:325) Bean 'stat-filter' of type [com.alibaba.druid.filter.stat.StatFilter] is not eligible for getting processed by all BeanPostProcessors (for example: not eligible for auto-proxying) 
[INFO][2017-08-01 17:41:47] org.springframework.context.support.PostProcessorRegistrationDelegate$BeanPostProcessorChecker.postProcessAfterInitialization(PostProcessorRegistrationDelegate.java:325) Bean 'wall-filter-config' of type [com.alibaba.druid.wall.WallConfig] is not eligible for getting processed by all BeanPostProcessors (for example: not eligible for auto-proxying) 
[INFO][2017-08-01 17:41:47] org.springframework.context.support.PostProcessorRegistrationDelegate$BeanPostProcessorChecker.postProcessAfterInitialization(PostProcessorRegistrationDelegate.java:325) Bean 'wall-filter' of type [com.alibaba.druid.wall.WallFilter] is not eligible for getting processed by all BeanPostProcessors (for example: not eligible for auto-proxying) 
[INFO][2017-08-01 17:41:47] com.alibaba.druid.pool.DruidDataSource.init(DruidDataSource.java:785) {dataSource-1} inited 
[INFO][2017-08-01 17:41:47] org.springframework.context.support.PostProcessorRegistrationDelegate$BeanPostProcessorChecker.postProcessAfterInitialization(PostProcessorRegistrationDelegate.java:325) Bean 'dataSource' of type [com.alibaba.druid.pool.DruidDataSource] is not eligible for getting processed by all BeanPostProcessors (for example: not eligible for auto-proxying) 
[INFO][2017-08-01 17:41:48] org.springframework.context.support.PostProcessorRegistrationDelegate$BeanPostProcessorChecker.postProcessAfterInitialization(PostProcessorRegistrationDelegate.java:325) Bean 'sqlSessionFactory' of type [org.mybatis.spring.SqlSessionFactoryBean] is not eligible for getting processed by all BeanPostProcessors (for example: not eligible for auto-proxying) 
[INFO][2017-08-01 17:41:48] org.springframework.context.support.PostProcessorRegistrationDelegate$BeanPostProcessorChecker.postProcessAfterInitialization(PostProcessorRegistrationDelegate.java:325) Bean 'sqlSessionFactory' of type [org.apache.ibatis.session.defaults.DefaultSqlSessionFactory] is not eligible for getting processed by all BeanPostProcessors (for example: not eligible for auto-proxying) 
[INFO][2017-08-01 17:41:48] org.springframework.context.support.PostProcessorRegistrationDelegate$BeanPostProcessorChecker.postProcessAfterInitialization(PostProcessorRegistrationDelegate.java:325) Bean 'sysUserDao' of type [org.mybatis.spring.mapper.MapperFactoryBean] is not eligible for getting processed by all BeanPostProcessors (for example: not eligible for auto-proxying) 
[INFO][2017-08-01 17:41:48] org.springframework.context.support.PostProcessorRegistrationDelegate$BeanPostProcessorChecker.postProcessAfterInitialization(PostProcessorRegistrationDelegate.java:325) Bean 'sysUserDao' of type [com.sun.proxy.$Proxy43] is not eligible for getting processed by all BeanPostProcessors (for example: not eligible for auto-proxying) 
[INFO][2017-08-01 17:41:48] org.springframework.context.support.PostProcessorRegistrationDelegate$BeanPostProcessorChecker.postProcessAfterInitialization(PostProcessorRegistrationDelegate.java:325) Bean 'sysMenuDao' of type [org.mybatis.spring.mapper.MapperFactoryBean] is not eligible for getting processed by all BeanPostProcessors (for example: not eligible for auto-proxying) 
[INFO][2017-08-01 17:41:48] org.springframework.context.support.PostProcessorRegistrationDelegate$BeanPostProcessorChecker.postProcessAfterInitialization(PostProcessorRegistrationDelegate.java:325) Bean 'sysMenuDao' of type [com.sun.proxy.$Proxy44] is not eligible for getting processed by all BeanPostProcessors (for example: not eligible for auto-proxying) 
[INFO][2017-08-01 17:41:48] org.springframework.context.support.PostProcessorRegistrationDelegate$BeanPostProcessorChecker.postProcessAfterInitialization(PostProcessorRegistrationDelegate.java:325) Bean 'userRealm' of type [io.renren.shiro.UserRealm] is not eligible for getting processed by all BeanPostProcessors (for example: not eligible for auto-proxying) 
[INFO][2017-08-01 17:41:48] org.springframework.context.support.PostProcessorRegistrationDelegate$BeanPostProcessorChecker.postProcessAfterInitialization(PostProcessorRegistrationDelegate.java:325) Bean 'securityManager' of type [org.apache.shiro.web.mgt.DefaultWebSecurityManager] is not eligible for getting processed by all BeanPostProcessors (for example: not eligible for auto-proxying) 
[INFO][2017-08-01 17:41:48] org.springframework.context.support.PostProcessorRegistrationDelegate$BeanPostProcessorChecker.postProcessAfterInitialization(PostProcessorRegistrationDelegate.java:325) Bean 'org.apache.shiro.spring.security.interceptor.AuthorizationAttributeSourceAdvisor#0' of type [org.apache.shiro.spring.security.interceptor.AuthorizationAttributeSourceAdvisor] is not eligible for getting processed by all BeanPostProcessors (for example: not eligible for auto-proxying) 
[INFO][2017-08-01 17:41:50] org.quartz.impl.StdSchedulerFactory.instantiate(StdSchedulerFactory.java:1172) Using default implementation for ThreadExecutor 
[INFO][2017-08-01 17:41:50] org.quartz.core.SchedulerSignalerImpl.<init>(SchedulerSignalerImpl.java:61) Initialized Scheduler Signaller of type: class org.quartz.core.SchedulerSignalerImpl 
[INFO][2017-08-01 17:41:50] org.quartz.core.QuartzScheduler.<init>(QuartzScheduler.java:240) Quartz Scheduler v.2.2.3 created. 
[INFO][2017-08-01 17:41:50] org.quartz.impl.jdbcjobstore.JobStoreSupport.initialize(JobStoreSupport.java:667) Using db table-based data access locking (synchronization). 
[INFO][2017-08-01 17:41:50] org.quartz.impl.jdbcjobstore.JobStoreCMT.initialize(JobStoreCMT.java:145) JobStoreCMT initialized. 
[INFO][2017-08-01 17:41:50] org.quartz.core.QuartzScheduler.initialize(QuartzScheduler.java:305) Scheduler meta-data: Quartz Scheduler (v2.2.3) 'RenrenScheduler' with instanceId 'PC-20170511IUOS1501580510878'
  Scheduler class: 'org.quartz.core.QuartzScheduler' - running locally.
  NOT STARTED.
  Currently in standby mode.
  Number of jobs executed: 0
  Using thread pool 'org.quartz.simpl.SimpleThreadPool' - with 20 threads.
  Using job-store 'org.springframework.scheduling.quartz.LocalDataSourceJobStore' - which supports persistence. and is clustered.
 
[INFO][2017-08-01 17:41:50] org.quartz.impl.StdSchedulerFactory.instantiate(StdSchedulerFactory.java:1327) Quartz scheduler 'RenrenScheduler' initialized from an externally provided properties instance. 
[INFO][2017-08-01 17:41:50] org.quartz.impl.StdSchedulerFactory.instantiate(StdSchedulerFactory.java:1331) Quartz scheduler version: 2.2.3 
[INFO][2017-08-01 17:41:50] org.quartz.core.QuartzScheduler.setJobFactory(QuartzScheduler.java:2311) JobFactory set to: org.springframework.scheduling.quartz.AdaptableJobFactory@1a3108a4 
[INFO][2017-08-01 17:41:52] org.springframework.web.servlet.handler.AbstractUrlHandlerMapping.registerHandler(AbstractUrlHandlerMapping.java:362) Mapped URL path [/**] onto handler 'org.springframework.web.servlet.resource.DefaultServletHttpRequestHandler#0' 
[INFO][2017-08-01 17:41:53] org.springframework.web.servlet.handler.AbstractHandlerMethodMapping$MappingRegistry.register(AbstractHandlerMethodMapping.java:543) Mapped "{[/sys/config/list]}" onto public io.renren.utils.R io.renren.controller.SysConfigController.list(java.util.Map<java.lang.String, java.lang.Object>) 
[INFO][2017-08-01 17:41:53] org.springframework.web.servlet.handler.AbstractHandlerMethodMapping$MappingRegistry.register(AbstractHandlerMethodMapping.java:543) Mapped "{[/sys/config/save]}" onto public io.renren.utils.R io.renren.controller.SysConfigController.save(io.renren.entity.SysConfigEntity) 
[INFO][2017-08-01 17:41:53] org.springframework.web.servlet.handler.AbstractHandlerMethodMapping$MappingRegistry.register(AbstractHandlerMethodMapping.java:543) Mapped "{[/sys/config/delete]}" onto public io.renren.utils.R io.renren.controller.SysConfigController.delete(java.lang.Long[]) 
[INFO][2017-08-01 17:41:53] org.springframework.web.servlet.handler.AbstractHandlerMethodMapping$MappingRegistry.register(AbstractHandlerMethodMapping.java:543) Mapped "{[/sys/config/update]}" onto public io.renren.utils.R io.renren.controller.SysConfigController.update(io.renren.entity.SysConfigEntity) 
[INFO][2017-08-01 17:41:53] org.springframework.web.servlet.handler.AbstractHandlerMethodMapping$MappingRegistry.register(AbstractHandlerMethodMapping.java:543) Mapped "{[/sys/config/info/{id}]}" onto public io.renren.utils.R io.renren.controller.SysConfigController.info(java.lang.Long) 
[INFO][2017-08-01 17:41:53] org.springframework.web.servlet.handler.AbstractHandlerMethodMapping$MappingRegistry.register(AbstractHandlerMethodMapping.java:543) Mapped "{[/sys/log/list]}" onto public io.renren.utils.R io.renren.controller.SysLogController.list(java.util.Map<java.lang.String, java.lang.Object>) 
[INFO][2017-08-01 17:41:53] org.springframework.web.servlet.handler.AbstractHandlerMethodMapping$MappingRegistry.register(AbstractHandlerMethodMapping.java:543) Mapped "{[/sys/oss/list]}" onto public io.renren.utils.R io.renren.controller.SysOssController.list(java.util.Map<java.lang.String, java.lang.Object>) 
[INFO][2017-08-01 17:41:53] org.springframework.web.servlet.handler.AbstractHandlerMethodMapping$MappingRegistry.register(AbstractHandlerMethodMapping.java:543) Mapped "{[/sys/oss/delete]}" onto public io.renren.utils.R io.renren.controller.SysOssController.delete(java.lang.Long[]) 
[INFO][2017-08-01 17:41:53] org.springframework.web.servlet.handler.AbstractHandlerMethodMapping$MappingRegistry.register(AbstractHandlerMethodMapping.java:543) Mapped "{[/sys/oss/config]}" onto public io.renren.utils.R io.renren.controller.SysOssController.config() 
[INFO][2017-08-01 17:41:53] org.springframework.web.servlet.handler.AbstractHandlerMethodMapping$MappingRegistry.register(AbstractHandlerMethodMapping.java:543) Mapped "{[/sys/oss/upload]}" onto public io.renren.utils.R io.renren.controller.SysOssController.upload(org.springframework.web.multipart.MultipartFile) throws java.lang.Exception 
[INFO][2017-08-01 17:41:53] org.springframework.web.servlet.handler.AbstractHandlerMethodMapping$MappingRegistry.register(AbstractHandlerMethodMapping.java:543) Mapped "{[/sys/oss/saveConfig]}" onto public io.renren.utils.R io.renren.controller.SysOssController.saveConfig(io.renren.oss.CloudStorageConfig) 
[INFO][2017-08-01 17:41:53] org.springframework.web.servlet.handler.AbstractHandlerMethodMapping$MappingRegistry.register(AbstractHandlerMethodMapping.java:543) Mapped "{[/{module}/{url}.html]}" onto public java.lang.String io.renren.controller.SysPageController.page(java.lang.String,java.lang.String) 
[INFO][2017-08-01 17:41:53] org.springframework.web.servlet.handler.AbstractHandlerMethodMapping$MappingRegistry.register(AbstractHandlerMethodMapping.java:543) Mapped "{[/captcha.jpg]}" onto public void io.renren.controller.SysLoginController.captcha(javax.servlet.http.HttpServletResponse) throws javax.servlet.ServletException,java.io.IOException 
[INFO][2017-08-01 17:41:53] org.springframework.web.servlet.handler.AbstractHandlerMethodMapping$MappingRegistry.register(AbstractHandlerMethodMapping.java:543) Mapped "{[/sys/login],methods=[POST]}" onto public io.renren.utils.R io.renren.controller.SysLoginController.login(java.lang.String,java.lang.String,java.lang.String) throws java.io.IOException 
[INFO][2017-08-01 17:41:53] org.springframework.web.servlet.handler.AbstractHandlerMethodMapping$MappingRegistry.register(AbstractHandlerMethodMapping.java:543) Mapped "{[/logout],methods=[GET]}" onto public java.lang.String io.renren.controller.SysLoginController.logout() 
[INFO][2017-08-01 17:41:53] org.springframework.web.servlet.handler.AbstractHandlerMethodMapping$MappingRegistry.register(AbstractHandlerMethodMapping.java:543) Mapped "{[/sys/menu/list]}" onto public io.renren.utils.R io.renren.controller.SysMenuController.list(java.util.Map<java.lang.String, java.lang.Object>) 
[INFO][2017-08-01 17:41:53] org.springframework.web.servlet.handler.AbstractHandlerMethodMapping$MappingRegistry.register(AbstractHandlerMethodMapping.java:543) Mapped "{[/sys/menu/save]}" onto public io.renren.utils.R io.renren.controller.SysMenuController.save(io.renren.entity.SysMenuEntity) 
[INFO][2017-08-01 17:41:53] org.springframework.web.servlet.handler.AbstractHandlerMethodMapping$MappingRegistry.register(AbstractHandlerMethodMapping.java:543) Mapped "{[/sys/menu/delete]}" onto public io.renren.utils.R io.renren.controller.SysMenuController.delete(java.lang.Long[]) 
[INFO][2017-08-01 17:41:53] org.springframework.web.servlet.handler.AbstractHandlerMethodMapping$MappingRegistry.register(AbstractHandlerMethodMapping.java:543) Mapped "{[/sys/menu/update]}" onto public io.renren.utils.R io.renren.controller.SysMenuController.update(io.renren.entity.SysMenuEntity) 
[INFO][2017-08-01 17:41:53] org.springframework.web.servlet.handler.AbstractHandlerMethodMapping$MappingRegistry.register(AbstractHandlerMethodMapping.java:543) Mapped "{[/sys/menu/perms]}" onto public io.renren.utils.R io.renren.controller.SysMenuController.perms() 
[INFO][2017-08-01 17:41:53] org.springframework.web.servlet.handler.AbstractHandlerMethodMapping$MappingRegistry.register(AbstractHandlerMethodMapping.java:543) Mapped "{[/sys/menu/info/{menuId}]}" onto public io.renren.utils.R io.renren.controller.SysMenuController.info(java.lang.Long) 
[INFO][2017-08-01 17:41:53] org.springframework.web.servlet.handler.AbstractHandlerMethodMapping$MappingRegistry.register(AbstractHandlerMethodMapping.java:543) Mapped "{[/sys/menu/user]}" onto public io.renren.utils.R io.renren.controller.SysMenuController.user() 
[INFO][2017-08-01 17:41:53] org.springframework.web.servlet.handler.AbstractHandlerMethodMapping$MappingRegistry.register(AbstractHandlerMethodMapping.java:543) Mapped "{[/sys/menu/select]}" onto public io.renren.utils.R io.renren.controller.SysMenuController.select() 
[INFO][2017-08-01 17:41:53] org.springframework.web.servlet.handler.AbstractHandlerMethodMapping$MappingRegistry.register(AbstractHandlerMethodMapping.java:543) Mapped "{[/sys/role/list]}" onto public io.renren.utils.R io.renren.controller.SysRoleController.list(java.util.Map<java.lang.String, java.lang.Object>) 
[INFO][2017-08-01 17:41:53] org.springframework.web.servlet.handler.AbstractHandlerMethodMapping$MappingRegistry.register(AbstractHandlerMethodMapping.java:543) Mapped "{[/sys/role/save]}" onto public io.renren.utils.R io.renren.controller.SysRoleController.save(io.renren.entity.SysRoleEntity) 
[INFO][2017-08-01 17:41:53] org.springframework.web.servlet.handler.AbstractHandlerMethodMapping$MappingRegistry.register(AbstractHandlerMethodMapping.java:543) Mapped "{[/sys/role/delete]}" onto public io.renren.utils.R io.renren.controller.SysRoleController.delete(java.lang.Long[]) 
[INFO][2017-08-01 17:41:53] org.springframework.web.servlet.handler.AbstractHandlerMethodMapping$MappingRegistry.register(AbstractHandlerMethodMapping.java:543) Mapped "{[/sys/role/update]}" onto public io.renren.utils.R io.renren.controller.SysRoleController.update(io.renren.entity.SysRoleEntity) 
[INFO][2017-08-01 17:41:53] org.springframework.web.servlet.handler.AbstractHandlerMethodMapping$MappingRegistry.register(AbstractHandlerMethodMapping.java:543) Mapped "{[/sys/role/info/{roleId}]}" onto public io.renren.utils.R io.renren.controller.SysRoleController.info(java.lang.Long) 
[INFO][2017-08-01 17:41:53] org.springframework.web.servlet.handler.AbstractHandlerMethodMapping$MappingRegistry.register(AbstractHandlerMethodMapping.java:543) Mapped "{[/sys/role/select]}" onto public io.renren.utils.R io.renren.controller.SysRoleController.select() 
[INFO][2017-08-01 17:41:53] org.springframework.web.servlet.handler.AbstractHandlerMethodMapping$MappingRegistry.register(AbstractHandlerMethodMapping.java:543) Mapped "{[/sys/user/list]}" onto public io.renren.utils.R io.renren.controller.SysUserController.list(java.util.Map<java.lang.String, java.lang.Object>) 
[INFO][2017-08-01 17:41:53] org.springframework.web.servlet.handler.AbstractHandlerMethodMapping$MappingRegistry.register(AbstractHandlerMethodMapping.java:543) Mapped "{[/sys/user/save]}" onto public io.renren.utils.R io.renren.controller.SysUserController.save(io.renren.entity.SysUserEntity) 
[INFO][2017-08-01 17:41:53] org.springframework.web.servlet.handler.AbstractHandlerMethodMapping$MappingRegistry.register(AbstractHandlerMethodMapping.java:543) Mapped "{[/sys/user/delete]}" onto public io.renren.utils.R io.renren.controller.SysUserController.delete(java.lang.Long[]) 
[INFO][2017-08-01 17:41:53] org.springframework.web.servlet.handler.AbstractHandlerMethodMapping$MappingRegistry.register(AbstractHandlerMethodMapping.java:543) Mapped "{[/sys/user/update]}" onto public io.renren.utils.R io.renren.controller.SysUserController.update(io.renren.entity.SysUserEntity) 
[INFO][2017-08-01 17:41:53] org.springframework.web.servlet.handler.AbstractHandlerMethodMapping$MappingRegistry.register(AbstractHandlerMethodMapping.java:543) Mapped "{[/sys/user/password]}" onto public io.renren.utils.R io.renren.controller.SysUserController.password(java.lang.String,java.lang.String) 
[INFO][2017-08-01 17:41:53] org.springframework.web.servlet.handler.AbstractHandlerMethodMapping$MappingRegistry.register(AbstractHandlerMethodMapping.java:543) Mapped "{[/sys/user/info]}" onto public io.renren.utils.R io.renren.controller.SysUserController.info() 
[INFO][2017-08-01 17:41:53] org.springframework.web.servlet.handler.AbstractHandlerMethodMapping$MappingRegistry.register(AbstractHandlerMethodMapping.java:543) Mapped "{[/sys/user/info/{userId}]}" onto public io.renren.utils.R io.renren.controller.SysUserController.info(java.lang.Long) 
[INFO][2017-08-01 17:41:53] org.springframework.web.servlet.handler.AbstractHandlerMethodMapping$MappingRegistry.register(AbstractHandlerMethodMapping.java:543) Mapped "{[/sys/generator/list]}" onto public io.renren.utils.R io.renren.controller.SysGeneratorController.list(java.util.Map<java.lang.String, java.lang.Object>) 
[INFO][2017-08-01 17:41:53] org.springframework.web.servlet.handler.AbstractHandlerMethodMapping$MappingRegistry.register(AbstractHandlerMethodMapping.java:543) Mapped "{[/sys/generator/code]}" onto public void io.renren.controller.SysGeneratorController.code(javax.servlet.http.HttpServletRequest,javax.servlet.http.HttpServletResponse) throws java.io.IOException 
[INFO][2017-08-01 17:41:53] org.springframework.web.servlet.handler.AbstractHandlerMethodMapping$MappingRegistry.register(AbstractHandlerMethodMapping.java:543) Mapped "{[/sys/schedule/run]}" onto public io.renren.utils.R io.renren.controller.ScheduleJobController.run(java.lang.Long[]) 
[INFO][2017-08-01 17:41:53] org.springframework.web.servlet.handler.AbstractHandlerMethodMapping$MappingRegistry.register(AbstractHandlerMethodMapping.java:543) Mapped "{[/sys/schedule/resume]}" onto public io.renren.utils.R io.renren.controller.ScheduleJobController.resume(java.lang.Long[]) 
[INFO][2017-08-01 17:41:53] org.springframework.web.servlet.handler.AbstractHandlerMethodMapping$MappingRegistry.register(AbstractHandlerMethodMapping.java:543) Mapped "{[/sys/schedule/list]}" onto public io.renren.utils.R io.renren.controller.ScheduleJobController.list(java.util.Map<java.lang.String, java.lang.Object>) 
[INFO][2017-08-01 17:41:53] org.springframework.web.servlet.handler.AbstractHandlerMethodMapping$MappingRegistry.register(AbstractHandlerMethodMapping.java:543) Mapped "{[/sys/schedule/save]}" onto public io.renren.utils.R io.renren.controller.ScheduleJobController.save(io.renren.entity.ScheduleJobEntity) 
[INFO][2017-08-01 17:41:53] org.springframework.web.servlet.handler.AbstractHandlerMethodMapping$MappingRegistry.register(AbstractHandlerMethodMapping.java:543) Mapped "{[/sys/schedule/delete]}" onto public io.renren.utils.R io.renren.controller.ScheduleJobController.delete(java.lang.Long[]) 
[INFO][2017-08-01 17:41:53] org.springframework.web.servlet.handler.AbstractHandlerMethodMapping$MappingRegistry.register(AbstractHandlerMethodMapping.java:543) Mapped "{[/sys/schedule/update]}" onto public io.renren.utils.R io.renren.controller.ScheduleJobController.update(io.renren.entity.ScheduleJobEntity) 
[INFO][2017-08-01 17:41:53] org.springframework.web.servlet.handler.AbstractHandlerMethodMapping$MappingRegistry.register(AbstractHandlerMethodMapping.java:543) Mapped "{[/sys/schedule/info/{jobId}]}" onto public io.renren.utils.R io.renren.controller.ScheduleJobController.info(java.lang.Long) 
[INFO][2017-08-01 17:41:53] org.springframework.web.servlet.handler.AbstractHandlerMethodMapping$MappingRegistry.register(AbstractHandlerMethodMapping.java:543) Mapped "{[/sys/schedule/pause]}" onto public io.renren.utils.R io.renren.controller.ScheduleJobController.pause(java.lang.Long[]) 
[INFO][2017-08-01 17:41:53] org.springframework.web.servlet.handler.AbstractHandlerMethodMapping$MappingRegistry.register(AbstractHandlerMethodMapping.java:543) Mapped "{[/sys/scheduleLog/list]}" onto public io.renren.utils.R io.renren.controller.ScheduleJobLogController.list(java.util.Map<java.lang.String, java.lang.Object>) 
[INFO][2017-08-01 17:41:53] org.springframework.web.servlet.handler.AbstractHandlerMethodMapping$MappingRegistry.register(AbstractHandlerMethodMapping.java:543) Mapped "{[/sys/scheduleLog/info/{logId}]}" onto public io.renren.utils.R io.renren.controller.ScheduleJobLogController.info(java.lang.Long) 
[INFO][2017-08-01 17:41:53] org.springframework.web.servlet.handler.AbstractHandlerMethodMapping$MappingRegistry.register(AbstractHandlerMethodMapping.java:543) Mapped "{[/api/login],methods=[POST]}" onto public io.renren.utils.R io.renren.api.ApiLoginController.login(java.lang.String,java.lang.String) 
[INFO][2017-08-01 17:41:53] org.springframework.web.servlet.handler.AbstractHandlerMethodMapping$MappingRegistry.register(AbstractHandlerMethodMapping.java:543) Mapped "{[/api/register],methods=[POST]}" onto public io.renren.utils.R io.renren.api.ApiRegisterController.register(java.lang.String,java.lang.String) 
[INFO][2017-08-01 17:41:53] org.springframework.web.servlet.handler.AbstractHandlerMethodMapping$MappingRegistry.register(AbstractHandlerMethodMapping.java:543) Mapped "{[/api/userInfo],methods=[GET]}" onto public io.renren.utils.R io.renren.api.ApiTestController.userInfo(io.renren.entity.UserEntity) 
[INFO][2017-08-01 17:41:53] org.springframework.web.servlet.handler.AbstractHandlerMethodMapping$MappingRegistry.register(AbstractHandlerMethodMapping.java:543) Mapped "{[/api/notToken],methods=[GET]}" onto public io.renren.utils.R io.renren.api.ApiTestController.notToken() 
[INFO][2017-08-01 17:41:53] org.hibernate.validator.internal.util.Version.<clinit>(Version.java:30) HV000001: Hibernate Validator 5.4.1.Final 
[INFO][2017-08-01 17:41:54] org.springframework.web.servlet.mvc.method.annotation.RequestMappingHandlerAdapter.initControllerAdviceCache(RequestMappingHandlerAdapter.java:534) Looking for @ControllerAdvice: Root WebApplicationContext: startup date [Tue Aug 01 17:41:43 CST 2017]; root of context hierarchy 
[INFO][2017-08-01 17:41:54] org.springframework.web.servlet.mvc.method.annotation.RequestMappingHandlerAdapter.initControllerAdviceCache(RequestMappingHandlerAdapter.java:534) Looking for @ControllerAdvice: Root WebApplicationContext: startup date [Tue Aug 01 17:41:43 CST 2017]; root of context hierarchy 
[INFO][2017-08-01 17:41:54] org.springframework.web.servlet.mvc.method.annotation.ExceptionHandlerExceptionResolver.initExceptionHandlerAdviceCache(ExceptionHandlerExceptionResolver.java:273) Detected @ExceptionHandler methods in RRExceptionHandler 
[INFO][2017-08-01 17:41:54] org.springframework.web.servlet.view.velocity.VelocityViewResolver.initApplicationContext(VelocityViewResolver.java:112) Using VelocityToolboxView instead of default VelocityView due to specified toolboxConfigLocation 
[INFO][2017-08-01 17:41:54] org.springframework.web.servlet.view.velocity.VelocityConfigurer.postProcessVelocityEngine(VelocityConfigurer.java:141) ClasspathResourceLoader with name 'springMacro' added to configured VelocityEngine 
[INFO][2017-08-01 17:41:55] org.springframework.web.servlet.view.freemarker.FreeMarkerConfigurer.postProcessTemplateLoaders(FreeMarkerConfigurer.java:127) ClassTemplateLoader for Spring macros added to FreeMarker configuration 
[INFO][2017-08-01 17:41:55] org.springframework.web.servlet.mvc.method.annotation.ExceptionHandlerExceptionResolver.initExceptionHandlerAdviceCache(ExceptionHandlerExceptionResolver.java:273) Detected @ExceptionHandler methods in RRExceptionHandler 
[INFO][2017-08-01 17:41:55] org.springframework.context.support.DefaultLifecycleProcessor$LifecycleGroup.start(DefaultLifecycleProcessor.java:343) Starting beans in phase 2147483647 
[INFO][2017-08-01 17:41:55] org.springframework.scheduling.quartz.SchedulerFactoryBean.startScheduler(SchedulerFactoryBean.java:650) Will start Quartz Scheduler [RenrenScheduler] in 30 seconds 
[INFO][2017-08-01 17:41:55] org.springframework.web.context.ContextLoader.initWebApplicationContext(ContextLoader.java:344) Root WebApplicationContext: initialization completed in 12697 ms 
[INFO][2017-08-01 17:41:55] org.springframework.web.servlet.FrameworkServlet.initServletBean(FrameworkServlet.java:489) FrameworkServlet 'dispatcher': initialization started 
[INFO][2017-08-01 17:41:55] org.springframework.context.support.AbstractApplicationContext.prepareRefresh(AbstractApplicationContext.java:582) Refreshing WebApplicationContext for namespace 'dispatcher-servlet': startup date [Tue Aug 01 17:41:55 CST 2017]; parent: Root WebApplicationContext 
[INFO][2017-08-01 17:41:55] org.springframework.beans.factory.xml.XmlBeanDefinitionReader.loadBeanDefinitions(XmlBeanDefinitionReader.java:317) Loading XML bean definitions from ServletContext resource [/WEB-INF/dispatcher-servlet.xml] 
[INFO][2017-08-01 17:41:55] org.springframework.web.servlet.FrameworkServlet.initServletBean(FrameworkServlet.java:508) FrameworkServlet 'dispatcher': initialization completed in 48 ms 
[INFO][2017-08-01 17:42:04] org.apache.shiro.session.mgt.AbstractValidatingSessionManager.enableSessionValidation(AbstractValidatingSessionManager.java:233) Enabling session validation scheduler... 
[INFO][2017-08-01 17:42:16] org.apache.velocity.tools.view.servlet.ServletToolboxManager.getInstance(ServletToolboxManager.java:170) Using config file '/WEB-INF/velocity-toolbox.xml' 
[WARN][2017-08-01 17:42:16] org.apache.velocity.tools.view.XMLToolboxManager.<init>(XMLToolboxManager.java:100) XMLToolboxManager has been deprecated. Please use org.apache.velocity.tools.ToolboxFactory instead. 
[WARN][2017-08-01 17:42:16] org.apache.velocity.tools.view.servlet.ServletToolboxManager.<init>(ServletToolboxManager.java:131) ServletToolboxManager has been deprecated. Please use org.apache.velocity.tools.ToolboxFactory instead. 
[INFO][2017-08-01 17:42:25] org.springframework.scheduling.quartz.SchedulerFactoryBean$1.run(SchedulerFactoryBean.java:665) Starting Quartz Scheduler now, after delay of 30 seconds 
[INFO][2017-08-01 17:42:25] org.quartz.impl.jdbcjobstore.JobStoreSupport.logWarnIfNonZero(JobStoreSupport.java:3583) ClusterManager: detected 1 failed or restarted instances. 
[INFO][2017-08-01 17:42:25] org.quartz.impl.jdbcjobstore.JobStoreSupport.clusterRecover(JobStoreSupport.java:3442) ClusterManager: Scanning for instance "PC-20170511IUOS1501579604920"'s failed in-progress jobs. 
[INFO][2017-08-01 17:42:25] org.quartz.core.QuartzScheduler.start(QuartzScheduler.java:575) Scheduler RenrenScheduler_$_PC-20170511IUOS1501580510878 started. 
[INFO][2017-08-01 17:42:25] org.quartz.impl.jdbcjobstore.JobStoreSupport.recoverMisfiredJobs(JobStoreSupport.java:968) Handling 1 trigger(s) that missed their scheduled fire-time. 
